2018-10-24 08:34:08.431  INFO 53336 --- [restartedMain] com.muyou.easypoi.EasypoiApplication     : Starting EasypoiApplication on R with PID 53336 (D:\ideaWorkspace\easypoi\target\classes started by Administrator in D:\ideaWorkspace\easypoi)
2018-10-24 08:34:08.438  INFO 53336 --- [restartedMain] com.muyou.easypoi.EasypoiApplication     : The following profiles are active: dev
2018-10-24 08:34:08.509  INFO 53336 --- [restartedMain] ConfigServletWebServerApplicationContext : Refreshing org.springframework.boot.web.servlet.context.AnnotationConfigServletWebServerApplicationContext@251fa4f2: startup date [Wed Oct 24 08:34:08 CST 2018]; root of context hierarchy
2018-10-24 08:34:10.299  INFO 53336 --- [restartedMain] trationDelegate$BeanPostProcessorChecker : Bean 'org.springframework.transaction.annotation.ProxyTransactionManagementConfiguration' of type [org.springframework.transaction.annotation.ProxyTransactionManagementConfiguration$$EnhancerBySpringCGLIB$$f34268bc] is not eligible for getting processed by all BeanPostProcessors (for example: not eligible for auto-proxying)
2018-10-24 08:34:10.776  INFO 53336 --- [restartedMain] o.s.b.w.embedded.tomcat.TomcatWebServer  : Tomcat initialized with port(s): 8080 (http)
2018-10-24 08:34:10.804  INFO 53336 --- [restartedMain] o.apache.catalina.core.StandardService   : Starting service [Tomcat]
2018-10-24 08:34:10.805  INFO 53336 --- [restartedMain] org.apache.catalina.core.StandardEngine  : Starting Servlet Engine: Apache Tomcat/8.5.34
2018-10-24 08:34:10.808  INFO 53336 --- [localhost-startStop-1] o.a.catalina.core.AprLifecycleListener   : The APR based Apache Tomcat Native library which allows optimal performance in production environments was not found on the java.library.path: [D:\jdk\bin;C:\Windows\Sun\Java\bin;C:\Windows\system32;C:\Windows;D:\Oracle\product\11.2.0\dbhome_1\bin;D:\jdk\bin;D:\jdk\jre\bin;C:\ProgramData\Oracle\Java\javapath;C:\Windows\system32;C:\Windows;C:\Windows\System32\Wbem;C:\Windows\System32\WindowsPowerShell\v1.0\;D:\maven\apache-maven-3.5.0-bin\apache-maven-3.5.0\bin;C:\Program Files\MySQL\MySQL Utilities 1.6\;C:\Program Files\MySQL\MySQL Server 5.7\bin;D:\svn\bin;C:\Program Files\SlikSvn\bin;D:\Jmeter\apache-jmeter-3.3\bin;D:\Scripts\;D:\;D:\python3.7\Scripts\;D:\python3.7\;.]
2018-10-24 08:34:10.931  INFO 53336 --- [localhost-startStop-1] o.a.c.c.C.[Tomcat].[localhost].[/]       : Initializing Spring embedded WebApplicationContext
2018-10-24 08:34:10.931  INFO 53336 --- [localhost-startStop-1] o.s.web.context.ContextLoader            : Root WebApplicationContext: initialization completed in 2422 ms
2018-10-24 08:34:11.024  INFO 53336 --- [localhost-startStop-1] o.s.b.w.servlet.ServletRegistrationBean  : Servlet dispatcherServlet mapped to [/]
2018-10-24 08:34:11.029  INFO 53336 --- [localhost-startStop-1] o.s.b.w.servlet.FilterRegistrationBean   : Mapping filter: 'characterEncodingFilter' to: [/*]
2018-10-24 08:34:11.030  INFO 53336 --- [localhost-startStop-1] o.s.b.w.servlet.FilterRegistrationBean   : Mapping filter: 'hiddenHttpMethodFilter' to: [/*]
2018-10-24 08:34:11.030  INFO 53336 --- [localhost-startStop-1] o.s.b.w.servlet.FilterRegistrationBean   : Mapping filter: 'httpPutFormContentFilter' to: [/*]
2018-10-24 08:34:11.030  INFO 53336 --- [localhost-startStop-1] o.s.b.w.servlet.FilterRegistrationBean   : Mapping filter: 'requestContextFilter' to: [/*]
2018-10-24 08:34:11.189  INFO 53336 --- [restartedMain] com.zaxxer.hikari.HikariDataSource       : HikariPool-1 - Starting...
2018-10-24 08:34:11.399  INFO 53336 --- [restartedMain] com.zaxxer.hikari.HikariDataSource       : HikariPool-1 - Start completed.
2018-10-24 08:34:11.658  INFO 53336 --- [restartedMain] j.LocalContainerEntityManagerFactoryBean : Building JPA container EntityManagerFactory for persistence unit 'default'
2018-10-24 08:34:12.369  INFO 53336 --- [restartedMain] j.LocalContainerEntityManagerFactoryBean : Initialized JPA EntityManagerFactory for persistence unit 'default'
2018-10-24 08:34:12.633  INFO 53336 --- [restartedMain] o.s.w.s.handler.SimpleUrlHandlerMapping  : Mapped URL path [/**/favicon.ico] onto handler of type [class org.springframework.web.servlet.resource.ResourceHttpRequestHandler]
2018-10-24 08:34:12.857  INFO 53336 --- [restartedMain] s.w.s.m.m.a.RequestMappingHandlerAdapter : Looking for @ControllerAdvice: org.springframework.boot.web.servlet.context.AnnotationConfigServletWebServerApplicationContext@251fa4f2: startup date [Wed Oct 24 08:34:08 CST 2018]; root of context hierarchy
2018-10-24 08:34:12.883  WARN 53336 --- [restartedMain] aWebConfiguration$JpaWebMvcConfiguration : spring.jpa.open-in-view is enabled by default. Therefore, database queries may be performed during view rendering. Explicitly configure spring.jpa.open-in-view to disable this warning
2018-10-24 08:34:12.910  INFO 53336 --- [restartedMain] s.w.s.m.m.a.RequestMappingHandlerMapping : Mapped "{[/loadeasypoi]}" onto public java.util.List<com.muyou.easypoi.domain.Student> com.muyou.easypoi.controller.EasypoiController.loadeasypoi()
2018-10-24 08:34:12.911  INFO 53336 --- [restartedMain] s.w.s.m.m.a.RequestMappingHandlerMapping : Mapped "{[/addeasypoi]}" onto public void com.muyou.easypoi.controller.EasypoiController.addeasypoi(com.muyou.easypoi.domain.Student)
2018-10-24 08:34:12.912  INFO 53336 --- [restartedMain] s.w.s.m.m.a.RequestMappingHandlerMapping : Mapped "{[/demo]}" onto public java.lang.String com.muyou.easypoi.controller.EasypoiController.demo()
2018-10-24 08:34:12.912  INFO 53336 --- [restartedMain] s.w.s.m.m.a.RequestMappingHandlerMapping : Mapped "{[/e]}" onto public java.lang.String com.muyou.easypoi.controller.EasypoiHTMLController.easypoi()
2018-10-24 08:34:12.914  INFO 53336 --- [restartedMain] s.w.s.m.m.a.RequestMappingHandlerMapping : Mapped "{[/error]}" onto public org.springframework.http.ResponseEntity<java.util.Map<java.lang.String, java.lang.Object>> org.springframework.boot.autoconfigure.web.servlet.error.BasicErrorController.error(javax.servlet.http.HttpServletRequest)
2018-10-24 08:34:12.915  INFO 53336 --- [restartedMain] s.w.s.m.m.a.RequestMappingHandlerMapping : Mapped "{[/error],produces=[text/html]}" onto public org.springframework.web.servlet.ModelAndView org.springframework.boot.autoconfigure.web.servlet.error.BasicErrorController.errorHtml(javax.servlet.http.HttpServletRequest,javax.servlet.http.HttpServletResponse)
2018-10-24 08:34:12.938  INFO 53336 --- [restartedMain] o.s.w.s.handler.SimpleUrlHandlerMapping  : Mapped URL path [/webjars/**] onto handler of type [class org.springframework.web.servlet.resource.ResourceHttpRequestHandler]
2018-10-24 08:34:12.939  INFO 53336 --- [restartedMain] o.s.w.s.handler.SimpleUrlHandlerMapping  : Mapped URL path [/**] onto handler of type [class org.springframework.web.servlet.resource.ResourceHttpRequestHandler]
2018-10-24 08:34:13.236  INFO 53336 --- [restartedMain] o.s.b.d.a.OptionalLiveReloadServer       : LiveReload server is running on port 35729
2018-10-24 08:34:13.260  INFO 53336 --- [restartedMain] o.s.j.e.a.AnnotationMBeanExporter        : Registering beans for JMX exposure on startup
2018-10-24 08:34:13.261  INFO 53336 --- [restartedMain] o.s.j.e.a.AnnotationMBeanExporter        : Bean with name 'dataSource' has been autodetected for JMX exposure
2018-10-24 08:34:13.267  INFO 53336 --- [restartedMain] o.s.j.e.a.AnnotationMBeanExporter        : Located MBean 'dataSource': registering with JMX server as MBean [com.zaxxer.hikari:name=dataSource,type=HikariDataSource]
2018-10-24 08:34:13.295  INFO 53336 --- [restartedMain] o.s.b.w.embedded.tomcat.TomcatWebServer  : Tomcat started on port(s): 8080 (http) with context path ''
2018-10-24 08:34:13.298  INFO 53336 --- [restartedMain] com.muyou.easypoi.EasypoiApplication     : Started EasypoiApplication in 5.282 seconds (JVM running for 6.339)
2018-10-24 08:34:25.274  INFO 53336 --- [http-nio-8080-exec-1] o.a.c.c.C.[Tomcat].[localhost].[/]       : Initializing Spring FrameworkServlet 'dispatcherServlet'
2018-10-24 08:34:25.274  INFO 53336 --- [http-nio-8080-exec-1] o.s.web.servlet.DispatcherServlet        : FrameworkServlet 'dispatcherServlet': initialization started
2018-10-24 08:34:25.292  INFO 53336 --- [http-nio-8080-exec-1] o.s.web.servlet.DispatcherServlet        : FrameworkServlet 'dispatcherServlet': initialization completed in 18 ms
